<?xml version="1.0" encoding="UTF-8"?>
<!-- Generated by org.testng.reporters.JUnitXMLReporter -->
<testsuite ignored="0" hostname="LAPTOP-5F2382P0" failures="0" tests="6" name="Default test" time="12.895" errors="0" timestamp="2024-10-18T14:45:15 IST">
  <testcase classname="api.test.DataDrivenTest" name="testPostUser" time="3.935"/>
  <testcase classname="api.test.DataDrivenTest" name="testPostUser" time="1.316"/>
  <testcase classname="api.test.DataDrivenTest" name="testPostUser" time="1.532"/>
  <testcase classname="api.test.DataDrivenTest" name="testDeleteUserByName" time="1.531"/>
  <testcase classname="api.test.DataDrivenTest" name="testDeleteUserByName" time="1.564"/>
  <testcase classname="api.test.DataDrivenTest" name="testDeleteUserByName" time="1.391"/>
</testsuite> <!-- Default test -->
