<?xml version="1.0" encoding="UTF-8"?>
<!-- Generated by org.testng.reporters.JUnitXMLReporter -->
<testsuite ignored="0" hostname="LAPTOP-5F2382P0" failures="0" tests="4" name="Test" time="11.035" errors="0" timestamp="2024-10-18T16:24:47 IST">
  <testcase classname="api.test.UserTests2" name="testPostUser" time="3.47"/>
  <testcase classname="api.test.UserTests2" name="testGetUserByName" time="1.826"/>
  <testcase classname="api.test.UserTests2" name="testUpdateUser" time="3.067"/>
  <testcase classname="api.test.UserTests2" name="testDeleteUserByName" time="1.526"/>
</testsuite> <!-- Test -->
