<?xml version="1.0" encoding="UTF-8"?>
<testng-results ignored="0" total="4" passed="4" failed="0" skipped="0">
  <reporter-output>
  </reporter-output>
  <suite started-at="2024-10-18T16:32:55 IST" name="Suite" finished-at="2024-10-18T16:33:06 IST" duration-ms="11182">
    <groups>
    </groups>
    <test started-at="2024-10-18T16:32:55 IST" name="Test" finished-at="2024-10-18T16:33:06 IST" duration-ms="11182">
      <class name="api.test.UserTests2">
        <test-method is-config="true" signature="setupData()[pri:0, instance:api.test.UserTests2@757277dc]" started-at="2024-10-18T16:32:55 IST" name="setupData" finished-at="2024-10-18T16:32:56 IST" duration-ms="606" status="PASS">
          <reporter-output>
          </reporter-output>
        </test-method> <!-- setupData -->
        <test-method signature="testPostUser()[pri:1, instance:api.test.UserTests2@757277dc]" started-at="2024-10-18T16:32:56 IST" name="testPostUser" finished-at="2024-10-18T16:32:59 IST" duration-ms="3573" status="PASS">
          <reporter-output>
          </reporter-output>
        </test-method> <!-- testPostUser -->
        <test-method signature="testGetUserByName()[pri:2, instance:api.test.UserTests2@757277dc]" started-at="2024-10-18T16:32:59 IST" name="testGetUserByName" finished-at="2024-10-18T16:33:01 IST" duration-ms="1744" status="PASS">
          <reporter-output>
          </reporter-output>
        </test-method> <!-- testGetUserByName -->
        <test-method signature="testUpdateUser()[pri:3, instance:api.test.UserTests2@757277dc]" started-at="2024-10-18T16:33:01 IST" name="testUpdateUser" finished-at="2024-10-18T16:33:05 IST" duration-ms="3573" status="PASS">
          <reporter-output>
          </reporter-output>
        </test-method> <!-- testUpdateUser -->
        <test-method signature="testDeleteUserByName()[pri:4, instance:api.test.UserTests2@757277dc]" started-at="2024-10-18T16:33:05 IST" name="testDeleteUserByName" finished-at="2024-10-18T16:33:06 IST" duration-ms="1413" status="PASS">
          <reporter-output>
          </reporter-output>
        </test-method> <!-- testDeleteUserByName -->
      </class> <!-- api.test.UserTests2 -->
    </test> <!-- Test -->
  </suite> <!-- Suite -->
</testng-results>
