<?xml version="1.0" encoding="UTF-8"?>
<testng-results ignored="0" total="4" passed="4" failed="0" skipped="0">
  <reporter-output>
  </reporter-output>
  <suite started-at="2024-10-18T16:24:35 IST" name="Suite" finished-at="2024-10-18T16:24:46 IST" duration-ms="11035">
    <groups>
    </groups>
    <test started-at="2024-10-18T16:24:35 IST" name="Test" finished-at="2024-10-18T16:24:46 IST" duration-ms="11035">
      <class name="api.test.UserTests2">
        <test-method is-config="true" signature="setupData()[pri:0, instance:api.test.UserTests2@65f095f8]" started-at="2024-10-18T16:24:35 IST" name="setupData" finished-at="2024-10-18T16:24:36 IST" duration-ms="777" status="PASS">
          <reporter-output>
          </reporter-output>
        </test-method> <!-- setupData -->
        <test-method signature="testPostUser()[pri:1, instance:api.test.UserTests2@65f095f8]" started-at="2024-10-18T16:24:36 IST" name="testPostUser" finished-at="2024-10-18T16:24:40 IST" duration-ms="3470" status="PASS">
          <reporter-output>
          </reporter-output>
        </test-method> <!-- testPostUser -->
        <test-method signature="testGetUserByName()[pri:2, instance:api.test.UserTests2@65f095f8]" started-at="2024-10-18T16:24:40 IST" name="testGetUserByName" finished-at="2024-10-18T16:24:42 IST" duration-ms="1826" status="PASS">
          <reporter-output>
          </reporter-output>
        </test-method> <!-- testGetUserByName -->
        <test-method signature="testUpdateUser()[pri:3, instance:api.test.UserTests2@65f095f8]" started-at="2024-10-18T16:24:42 IST" name="testUpdateUser" finished-at="2024-10-18T16:24:45 IST" duration-ms="3067" status="PASS">
          <reporter-output>
          </reporter-output>
        </test-method> <!-- testUpdateUser -->
        <test-method signature="testDeleteUserByName()[pri:4, instance:api.test.UserTests2@65f095f8]" started-at="2024-10-18T16:24:45 IST" name="testDeleteUserByName" finished-at="2024-10-18T16:24:46 IST" duration-ms="1526" status="PASS">
          <reporter-output>
          </reporter-output>
        </test-method> <!-- testDeleteUserByName -->
      </class> <!-- api.test.UserTests2 -->
    </test> <!-- Test -->
  </suite> <!-- Suite -->
</testng-results>
